# JRE version: Java(TM) SE Runtime Environment (8.0_92-b14) (build 1.8.0_92-b14)
# Java VM: Java HotSpot(TM) 64-Bit Server VM (25.92-b14 mixed mode windows-amd64 compressed oops)
Heap:
 PSYoungGen      total 465408K, used 122433K [0x00000000e0000000, 0x0000000100000000, 0x0000000100000000)
  eden space 406528K, 21% used [0x00000000e0000000,0x00000000e5526d08,0x00000000f8d00000)
  from space 58880K, 59% used [0x00000000f8d00000,0x00000000faf69778,0x00000000fc680000)
  to   space 58880K, 0% used [0x00000000fc680000,0x00000000fc680000,0x0000000100000000)
 ParOldGen       total 330752K, used 139051K [0x00000000a0000000, 0x00000000b4300000, 0x00000000e0000000)
  object space 330752K, 42% used [0x00000000a0000000,0x00000000a87caf68,0x00000000b4300000)
 Metaspace       used 104378K, capacity 115285K, committed 115544K, reserved 1148928K
  class space    used 13776K, capacity 15663K, committed 15744K, reserved 1048576K
GC Heap History (10 events):
Event: 195.190 GC heap before
{Heap before GC invocations=21 (full 4):
 PSYoungGen      total 482304K, used 19155K [0x00000000e0000000, 0x0000000100000000, 0x0000000100000000)
  eden space 440320K, 0% used [0x00000000e0000000,0x00000000e0000000,0x00000000fae00000)
  from space 41984K, 45% used [0x00000000fae00000,0x00000000fc0b4f20,0x00000000fd700000)
  to   space 39936K, 0% used [0x00000000fd900000,0x00000000fd900000,0x0000000100000000)
 ParOldGen       total 210944K, used 94317K [0x00000000a0000000, 0x00000000ace00000, 0x00000000e0000000)
  object space 210944K, 44% used [0x00000000a0000000,0x00000000a5c1b420,0x00000000ace00000)
 Metaspace       used 92195K, capacity 98215K, committed 98280K, reserved 1134592K
  class space    used 12102K, capacity 13119K, committed 13184K, reserved 1048576K
Event: 195.560 GC heap after
Heap after GC invocations=21 (full 4):
 PSYoungGen      total 482304K, used 0K [0x00000000e0000000, 0x0000000100000000, 0x0000000100000000)
  eden space 440320K, 0% used [0x00000000e0000000,0x00000000e0000000,0x00000000fae00000)
  from space 41984K, 0% used [0x00000000fae00000,0x00000000fae00000,0x00000000fd700000)
  to   space 39936K, 0% used [0x00000000fd900000,0x00000000fd900000,0x0000000100000000)
 ParOldGen       total 330752K, used 79507K [0x00000000a0000000, 0x00000000b4300000, 0x00000000e0000000)
  object space 330752K, 24% used [0x00000000a0000000,0x00000000a4da4df8,0x00000000b4300000)
 Metaspace       used 92105K, capacity 97991K, committed 98280K, reserved 1134592K
  class space    used 12076K, capacity 13087K, committed 13184K, reserved 1048576K
}
Event: 730.341 GC heap before
{Heap before GC invocations=22 (full 4):
 PSYoungGen      total 482304K, used 440320K [0x00000000e0000000, 0x0000000100000000, 0x0000000100000000)
  eden space 440320K, 100% used [0x00000000e0000000,0x00000000fae00000,0x00000000fae00000)
  from space 41984K, 0% used [0x00000000fae00000,0x00000000fae00000,0x00000000fd700000)
  to   space 39936K, 0% used [0x00000000fd900000,0x00000000fd900000,0x0000000100000000)
 ParOldGen       total 330752K, used 79507K [0x00000000a0000000, 0x00000000b4300000, 0x00000000e0000000)
  object space 330752K, 24% used [0x00000000a0000000,0x00000000a4da4df8,0x00000000b4300000)
 Metaspace       used 95251K, capacity 102485K, committed 102616K, reserved 1138688K
  class space    used 12488K, capacity 13728K, committed 13824K, reserved 1048576K
Event: 730.388 GC heap after
Heap after GC invocations=22 (full 4):
 PSYoungGen      total 479232K, used 23990K [0x00000000e0000000, 0x00000000ffd00000, 0x0000000100000000)
  eden space 442368K, 0% used [0x00000000e0000000,0x00000000e0000000,0x00000000fb000000)
  from space 36864K, 65% used [0x00000000fd900000,0x00000000ff06d8e8,0x00000000ffd00000)
  to   space 39424K, 0% used [0x00000000fb000000,0x00000000fb000000,0x00000000fd680000)
 ParOldGen       total 330752K, used 79507K [0x00000000a0000000, 0x00000000b4300000, 0x00000000e0000000)
  object space 330752K, 24% used [0x00000000a0000000,0x00000000a4da4df8,0x00000000b4300000)
 Metaspace       used 95251K, capacity 102485K, committed 102616K, reserved 1138688K
  class space    used 12488K, capacity 13728K, committed 13824K, reserved 1048576K
}
Event: 963.893 GC heap before
{Heap before GC invocations=23 (full 4):
 PSYoungGen      total 479232K, used 466358K [0x00000000e0000000, 0x00000000ffd00000, 0x0000000100000000)
  eden space 442368K, 100% used [0x00000000e0000000,0x00000000fb000000,0x00000000fb000000)
  from space 36864K, 65% used [0x00000000fd900000,0x00000000ff06d8e8,0x00000000ffd00000)
  to   space 39424K, 0% used [0x00000000fb000000,0x00000000fb000000,0x00000000fd680000)
 ParOldGen       total 330752K, used 79507K [0x00000000a0000000, 0x00000000b4300000, 0x00000000e0000000)
  object space 330752K, 24% used [0x00000000a0000000,0x00000000a4da4df8,0x00000000b4300000)
 Metaspace       used 98765K, capacity 108335K, committed 108504K, reserved 1142784K
  class space    used 13090K, capacity 14782K, committed 14848K, reserved 1048576K
Event: 963.979 GC heap after
Heap after GC invocations=23 (full 4):
 PSYoungGen      total 481792K, used 39410K [0x00000000e0000000, 0x0000000100000000, 0x0000000100000000)
  eden space 442368K, 0% used [0x00000000e0000000,0x00000000e0000000,0x00000000fb000000)
  from space 39424K, 99% used [0x00000000fb000000,0x00000000fd67cb90,0x00000000fd680000)
  to   space 42496K, 0% used [0x00000000fd680000,0x00000000fd680000,0x0000000100000000)
 ParOldGen       total 330752K, used 88746K [0x00000000a0000000, 0x00000000b4300000, 0x00000000e0000000)
  object space 330752K, 26% used [0x00000000a0000000,0x00000000a56aa808,0x00000000b4300000)
 Metaspace       used 98765K, capacity 108335K, committed 108504K, reserved 1142784K
  class space    used 13090K, capacity 14782K, committed 14848K, reserved 1048576K
}
Event: 1090.279 GC heap before
{Heap before GC invocations=24 (full 4):
 PSYoungGen      total 481792K, used 481778K [0x00000000e0000000, 0x0000000100000000, 0x0000000100000000)
  eden space 442368K, 100% used [0x00000000e0000000,0x00000000fb000000,0x00000000fb000000)
  from space 39424K, 99% used [0x00000000fb000000,0x00000000fd67cb90,0x00000000fd680000)
  to   space 42496K, 0% used [0x00000000fd680000,0x00000000fd680000,0x0000000100000000)
 ParOldGen       total 330752K, used 88746K [0x00000000a0000000, 0x00000000b4300000, 0x00000000e0000000)
  object space 330752K, 26% used [0x00000000a0000000,0x00000000a56aa808,0x00000000b4300000)
 Metaspace       used 101365K, capacity 112035K, committed 112344K, reserved 1146880K
  class space    used 13439K, capacity 15282K, committed 15360K, reserved 1048576K
Event: 1090.351 GC heap after
Heap after GC invocations=24 (full 4):
 PSYoungGen      total 449024K, used 42466K [0x00000000e0000000, 0x0000000100000000, 0x0000000100000000)
  eden space 406528K, 0% used [0x00000000e0000000,0x00000000e0000000,0x00000000f8d00000)
  from space 42496K, 99% used [0x00000000fd680000,0x00000000ffff8ba0,0x0000000100000000)
  to   space 58880K, 0% used [0x00000000f8d00000,0x00000000f8d00000,0x00000000fc680000)
 ParOldGen       total 330752K, used 105562K [0x00000000a0000000, 0x00000000b4300000, 0x00000000e0000000)
  object space 330752K, 31% used [0x00000000a0000000,0x00000000a6716980,0x00000000b4300000)
 Metaspace       used 101365K, capacity 112035K, committed 112344K, reserved 1146880K
  class space    used 13439K, capacity 15282K, committed 15360K, reserved 1048576K
}
Event: 1105.084 GC heap before
{Heap before GC invocations=25 (full 4):
 PSYoungGen      total 449024K, used 448994K [0x00000000e0000000, 0x0000000100000000, 0x0000000100000000)
  eden space 406528K, 100% used [0x00000000e0000000,0x00000000f8d00000,0x00000000f8d00000)
  from space 42496K, 99% used [0x00000000fd680000,0x00000000ffff8ba0,0x0000000100000000)
  to   space 58880K, 0% used [0x00000000f8d00000,0x00000000f8d00000,0x00000000fc680000)
 ParOldGen       total 330752K, used 105562K [0x00000000a0000000, 0x00000000b4300000, 0x00000000e0000000)
  object space 330752K, 31% used [0x00000000a0000000,0x00000000a6716980,0x00000000b4300000)
 Metaspace       used 103808K, capacity 114729K, committed 115032K, reserved 1148928K
  class space    used 13720K, capacity 15619K, committed 15744K, reserved 1048576K
Event: 1105.215 GC heap after
Heap after GC invocations=25 (full 4):
 PSYoungGen      total 465408K, used 35237K [0x00000000e0000000, 0x0000000100000000, 0x0000000100000000)
  eden space 406528K, 0% used [0x00000000e0000000,0x00000000e0000000,0x00000000f8d00000)
  from space 58880K, 59% used [0x00000000f8d00000,0x00000000faf69778,0x00000000fc680000)
  to   space 58880K, 0% used [0x00000000fc680000,0x00000000fc680000,0x0000000100000000)
 ParOldGen       total 330752K, used 139051K [0x00000000a0000000, 0x00000000b4300000, 0x00000000e0000000)
  object space 330752K, 42% used [0x00000000a0000000,0x00000000a87caf68,0x00000000b4300000)
 Metaspace       used 103808K, capacity 114729K, committed 115032K, reserved 1148928K
  class space    used 13720K, capacity 15619K, committed 15744K, reserved 1048576K
}

